0 info it worked if it ends with ok
1 verbose cli [ '/usr/local/bin/node', '/usr/local/bin/npm', 'install' ]
2 info using npm@1.4.9
3 info using node@v0.10.28
4 warn package.json talentgg@0.0.1 No description
5 warn package.json talentgg@0.0.1 No README data
6 verbose readDependencies using package.json deps
7 verbose install where, deps [ '/Users/Brown/Desktop/newtalent/talentgg',
7 verbose install   [ 'axios',
7 verbose install     'body-parser',
7 verbose install     'browser-sync',
7 verbose install     'browserify',
7 verbose install     'connect-flash',
7 verbose install     'cookie-parser',
7 verbose install     'crypto',
7 verbose install     'ejs',
7 verbose install     'express',
7 verbose install     'express-session',
7 verbose install     'flux',
7 verbose install     'gulp',
7 verbose install     'gulp-nodemon',
7 verbose install     'keymirror',
7 verbose install     'lodash',
7 verbose install     'object-assign',
7 verbose install     'passport',
7 verbose install     'passport-local',
7 verbose install     'path',
7 verbose install     'pg',
7 verbose install     'pg-hstore',
7 verbose install     'pg-native',
7 verbose install     'react',
7 verbose install     'react-async',
7 verbose install     'react-router',
7 verbose install     'reactify',
7 verbose install     'request',
7 verbose install     'sequelize',
7 verbose install     'superagent',
7 verbose install     'util',
7 verbose install     'vinyl-source-stream' ] ]
8 info preinstall talentgg@0.0.1
9 warn package.json crypto@0.0.3 crypto is also the name of a node core module.
10 warn package.json path@0.11.14 path is also the name of a node core module.
11 warn package.json util@0.10.3 util is also the name of a node core module.
12 verbose readDependencies using package.json deps
13 verbose already installed skipping browser-sync@^2.7.13 /Users/Brown/Desktop/newtalent/talentgg
14 verbose already installed skipping axios@^0.5.4 /Users/Brown/Desktop/newtalent/talentgg
15 verbose already installed skipping body-parser@^1.13.2 /Users/Brown/Desktop/newtalent/talentgg
16 verbose already installed skipping browserify@^10.2.4 /Users/Brown/Desktop/newtalent/talentgg
17 verbose already installed skipping connect-flash@^0.1.1 /Users/Brown/Desktop/newtalent/talentgg
18 verbose already installed skipping cookie-parser@^1.3.5 /Users/Brown/Desktop/newtalent/talentgg
19 verbose already installed skipping crypto@0.0.3 /Users/Brown/Desktop/newtalent/talentgg
20 verbose already installed skipping ejs@^2.3.2 /Users/Brown/Desktop/newtalent/talentgg
21 verbose already installed skipping express@^4.13.1 /Users/Brown/Desktop/newtalent/talentgg
22 verbose already installed skipping express-session@^1.11.3 /Users/Brown/Desktop/newtalent/talentgg
23 verbose already installed skipping flux@^2.0.3 /Users/Brown/Desktop/newtalent/talentgg
24 verbose already installed skipping gulp@^3.9.0 /Users/Brown/Desktop/newtalent/talentgg
25 verbose already installed skipping gulp-nodemon@^2.0.3 /Users/Brown/Desktop/newtalent/talentgg
26 verbose already installed skipping keymirror@^0.1.1 /Users/Brown/Desktop/newtalent/talentgg
27 verbose already installed skipping lodash@^3.10.0 /Users/Brown/Desktop/newtalent/talentgg
28 verbose already installed skipping object-assign@^3.0.0 /Users/Brown/Desktop/newtalent/talentgg
29 verbose already installed skipping passport@^0.2.2 /Users/Brown/Desktop/newtalent/talentgg
30 verbose already installed skipping passport-local@^1.0.0 /Users/Brown/Desktop/newtalent/talentgg
31 verbose already installed skipping path@^0.11.14 /Users/Brown/Desktop/newtalent/talentgg
32 verbose already installed skipping pg@^4.4.0 /Users/Brown/Desktop/newtalent/talentgg
33 verbose already installed skipping pg-hstore@^2.3.2 /Users/Brown/Desktop/newtalent/talentgg
34 verbose already installed skipping pg-native@^1.8.1 /Users/Brown/Desktop/newtalent/talentgg
35 verbose already installed skipping react@^0.13.3 /Users/Brown/Desktop/newtalent/talentgg
36 verbose already installed skipping react-async@^2.1.0 /Users/Brown/Desktop/newtalent/talentgg
37 verbose already installed skipping react-router@^0.13.3 /Users/Brown/Desktop/newtalent/talentgg
38 verbose already installed skipping reactify@^1.1.1 /Users/Brown/Desktop/newtalent/talentgg
39 verbose already installed skipping request@^2.58.0 /Users/Brown/Desktop/newtalent/talentgg
40 verbose already installed skipping sequelize@^3.3.2 /Users/Brown/Desktop/newtalent/talentgg
41 verbose already installed skipping superagent@^1.2.0 /Users/Brown/Desktop/newtalent/talentgg
42 verbose already installed skipping util@^0.10.3 /Users/Brown/Desktop/newtalent/talentgg
43 verbose already installed skipping vinyl-source-stream@^1.1.0 /Users/Brown/Desktop/newtalent/talentgg
44 silly resolved []
45 info build /Users/Brown/Desktop/newtalent/talentgg
46 verbose linkStuff [ false, false, false, '/Users/Brown/Desktop/newtalent' ]
47 info linkStuff talentgg@0.0.1
48 verbose linkBins talentgg@0.0.1
49 verbose linkMans talentgg@0.0.1
50 verbose rebuildBundles talentgg@0.0.1
51 verbose rebuildBundles [ '.bin',
51 verbose rebuildBundles   'axios',
51 verbose rebuildBundles   'body-parser',
51 verbose rebuildBundles   'browser-sync',
51 verbose rebuildBundles   'browserify',
51 verbose rebuildBundles   'connect-flash',
51 verbose rebuildBundles   'cookie-parser',
51 verbose rebuildBundles   'crypto',
51 verbose rebuildBundles   'ejs',
51 verbose rebuildBundles   'express',
51 verbose rebuildBundles   'express-session',
51 verbose rebuildBundles   'flux',
51 verbose rebuildBundles   'gulp',
51 verbose rebuildBundles   'gulp-nodemon',
51 verbose rebuildBundles   'keymirror',
51 verbose rebuildBundles   'lodash',
51 verbose rebuildBundles   'object-assign',
51 verbose rebuildBundles   'passport',
51 verbose rebuildBundles   'passport-local',
51 verbose rebuildBundles   'path',
51 verbose rebuildBundles   'pg',
51 verbose rebuildBundles   'pg-hstore',
51 verbose rebuildBundles   'pg-native',
51 verbose rebuildBundles   'react',
51 verbose rebuildBundles   'react-async',
51 verbose rebuildBundles   'react-router',
51 verbose rebuildBundles   'reactify',
51 verbose rebuildBundles   'request',
51 verbose rebuildBundles   'sequelize',
51 verbose rebuildBundles   'superagent',
51 verbose rebuildBundles   'util',
51 verbose rebuildBundles   'vinyl-source-stream' ]
52 info install talentgg@0.0.1
53 info postinstall talentgg@0.0.1
54 verbose unsafe-perm in lifecycle true
55 info talentgg@0.0.1 Failed to exec postinstall script
56 error talentgg@0.0.1 postinstall: `gulp copy; gulp browserify`
56 error Exit status 8
57 error Failed at the talentgg@0.0.1 postinstall script.
57 error This is most likely a problem with the talentgg package,
57 error not with npm itself.
57 error Tell the author that this fails on your system:
57 error     gulp copy; gulp browserify
57 error You can get their info via:
57 error     npm owner ls talentgg
57 error There is likely additional logging output above.
58 error System Darwin 14.3.0
59 error command "/usr/local/bin/node" "/usr/local/bin/npm" "install"
60 error cwd /Users/Brown/Desktop/newtalent/talentgg
61 error node -v v0.10.28
62 error npm -v 1.4.9
63 error code ELIFECYCLE
64 verbose exit [ 1, true ]
